

*******************************************************************************
Thu May 19 22:12:34 2022


FIT:    data read from "SecuencialMedioTeorico.dat" using 1:2
        format = x:z
        #datapoints = 10
        residuals are weighted equally (unit weight)

function used for fitting: N(x)
	N(x) = a*x + b
fitted parameters initialized with current variable values

iter      chisq       delta/lim  lambda   a             b            
   0 1.0000000000e+01   0.00e+00  4.39e+02    1.000000e+00   1.000000e+00
BREAK: Singular matrix in Invert_RtR

*******************************************************************************
Thu May 19 22:22:45 2022


FIT:    data read from "SecuencialMedioTeorico.dat" using 1:2
        format = x:z
        #datapoints = 10
        residuals are weighted equally (unit weight)

function used for fitting: N(x)
	N(x) = a*x + b
fitted parameters initialized with current variable values

iter      chisq       delta/lim  lambda   a             b            
   0 1.0000000000e+01   0.00e+00  4.39e+02    1.000000e+00   1.000000e+00
BREAK: Singular matrix in Invert_RtR

*******************************************************************************
Sat May 28 10:52:06 2022


FIT:    data read from "SecuencialMedioTeorico.dat" using 1:2
        format = x:z
        #datapoints = 10
        residuals are weighted equally (unit weight)

function used for fitting: N(x)
	N(x) = a*x + b
fitted parameters initialized with current variable values

iter      chisq       delta/lim  lambda   a             b            
   0 3.7901930967e+06   0.00e+00  4.39e+02    1.000000e+00   1.000000e+00
   6 4.5621100742e-01  -3.08e-02  4.39e-04    2.304068e-03   4.848373e+00

After 6 iterations the fit converged.
final sum of squares of residuals : 0.456211
rel. change during last iteration : -3.07828e-07

degrees of freedom    (FIT_NDF)                        : 8
rms of residuals      (FIT_STDFIT) = sqrt(WSSR/ndf)    : 0.238802
variance of residuals (reduced chisquare) = WSSR/ndf   : 0.0570264

Final set of parameters            Asymptotic Standard Error
=======================            ==========================
a               = 0.00230407       +/- 0.0002629    (11.41%)
b               = 4.84837          +/- 0.1631       (3.365%)

correlation matrix of the fit parameters:
                a      b      
a               1.000 
b              -0.886  1.000 
