

*******************************************************************************
Sat Apr 02 21:43:02 2022


FIT:    data read from "SecuencialMejorEmpirico.dat" using 1:2
        format = x:z
        #datapoints = 10
        residuals are weighted equally (unit weight)

function used for fitting: C(x)
	C(x) = a
fitted parameters initialized with current variable values

iter      chisq       delta/lim  lambda   a            
   0 9.9978001300e+00   0.00e+00  1.00e+00    1.000000e+00
   4 9.0000000000e-09  -9.16e-05  1.00e-04    1.100000e-04

After 4 iterations the fit converged.
final sum of squares of residuals : 9e-09
rel. change during last iteration : -9.1622e-10

degrees of freedom    (FIT_NDF)                        : 9
rms of residuals      (FIT_STDFIT) = sqrt(WSSR/ndf)    : 3.16228e-05
variance of residuals (reduced chisquare) = WSSR/ndf   : 1e-09

Final set of parameters            Asymptotic Standard Error
=======================            ==========================
a               = 0.00011          +/- 1e-05        (9.091%)


*******************************************************************************
Sat Apr 02 21:52:00 2022


FIT:    data read from "SecuencialMejorEmpirico.dat" using 1:2
        format = x:z
        #datapoints = 10
        residuals are weighted equally (unit weight)

function used for fitting: C(x)
	C(x) = a
fitted parameters initialized with current variable values

iter      chisq       delta/lim  lambda   a            
   0 9.9978001300e+00   0.00e+00  1.00e+00    1.000000e+00
   4 9.0000000000e-09  -9.16e-05  1.00e-04    1.100000e-04

After 4 iterations the fit converged.
final sum of squares of residuals : 9e-09
rel. change during last iteration : -9.1622e-10

degrees of freedom    (FIT_NDF)                        : 9
rms of residuals      (FIT_STDFIT) = sqrt(WSSR/ndf)    : 3.16228e-05
variance of residuals (reduced chisquare) = WSSR/ndf   : 1e-09

Final set of parameters            Asymptotic Standard Error
=======================            ==========================
a               = 0.00011          +/- 1e-05        (9.091%)


*******************************************************************************
Sat Apr 02 21:53:03 2022


FIT:    data read from "SecuencialMedioEmpirico.dat" using 1:2
        format = x:z
        #datapoints = 10
        residuals are weighted equally (unit weight)

function used for fitting: N(x)
	N(x) = a*x + b
fitted parameters initialized with current variable values

iter      chisq       delta/lim  lambda   a             b            
   0 3.8610015437e+06   0.00e+00  4.39e+02    1.000000e+00   1.000000e+00
   7 3.0611072525e-08  -2.49e-06  4.39e-05    8.163251e-07   1.961536e-04

After 7 iterations the fit converged.
final sum of squares of residuals : 3.06111e-08
rel. change during last iteration : -2.48981e-11

degrees of freedom    (FIT_NDF)                        : 8
rms of residuals      (FIT_STDFIT) = sqrt(WSSR/ndf)    : 6.18578e-05
variance of residuals (reduced chisquare) = WSSR/ndf   : 3.82638e-09

Final set of parameters            Asymptotic Standard Error
=======================            ==========================
a               = 8.16325e-07      +/- 6.81e-08     (8.343%)
b               = 0.000196154      +/- 4.226e-05    (21.54%)

correlation matrix of the fit parameters:
                a      b      
a               1.000 
b              -0.886  1.000 


*******************************************************************************
Sat Apr 02 21:54:46 2022


FIT:    data read from "SecuencialMedioEmpirico.dat" using 1:2
        format = x:z
        #datapoints = 10
        residuals are weighted equally (unit weight)

function used for fitting: N(x)
	N(x) = a*x + b
fitted parameters initialized with current variable values

iter      chisq       delta/lim  lambda   a             b            
   0 3.8610017087e+06   0.00e+00  4.39e+02    1.000000e+00   1.000000e+00
   7 4.2359080973e-08  -1.80e-06  4.39e-05    6.546615e-07   2.942981e-04

After 7 iterations the fit converged.
final sum of squares of residuals : 4.23591e-08
rel. change during last iteration : -1.79901e-11

degrees of freedom    (FIT_NDF)                        : 8
rms of residuals      (FIT_STDFIT) = sqrt(WSSR/ndf)    : 7.2766e-05
variance of residuals (reduced chisquare) = WSSR/ndf   : 5.29489e-09

Final set of parameters            Asymptotic Standard Error
=======================            ==========================
a               = 6.54662e-07      +/- 8.011e-08    (12.24%)
b               = 0.000294298      +/- 4.971e-05    (16.89%)

correlation matrix of the fit parameters:
                a      b      
a               1.000 
b              -0.886  1.000 


*******************************************************************************
Sat Apr 02 21:56:23 2022


FIT:    data read from "SecuencialMedioEmpirico.dat" using 1:2
        format = x:z
        #datapoints = 10
        residuals are weighted equally (unit weight)

function used for fitting: N(x)
	N(x) = a*x + b
fitted parameters initialized with current variable values

iter      chisq       delta/lim  lambda   a             b            
   0 3.8610015562e+06   0.00e+00  4.39e+02    1.000000e+00   1.000000e+00
   7 7.3973437062e-08  -1.03e-06  4.39e-05    7.387132e-07   2.493275e-04

After 7 iterations the fit converged.
final sum of squares of residuals : 7.39734e-08
rel. change during last iteration : -1.03019e-11

degrees of freedom    (FIT_NDF)                        : 8
rms of residuals      (FIT_STDFIT) = sqrt(WSSR/ndf)    : 9.61597e-05
variance of residuals (reduced chisquare) = WSSR/ndf   : 9.24668e-09

Final set of parameters            Asymptotic Standard Error
=======================            ==========================
a               = 7.38713e-07      +/- 1.059e-07    (14.33%)
b               = 0.000249328      +/- 6.569e-05    (26.35%)

correlation matrix of the fit parameters:
                a      b      
a               1.000 
b              -0.886  1.000 


*******************************************************************************
Sat Apr 02 21:57:39 2022


FIT:    data read from "SecuencialPeorEmpirico.dat" using 1:2
        format = x:z
        #datapoints = 10
        residuals are weighted equally (unit weight)

function used for fitting: N(x)
	N(x) = a*x + b
fitted parameters initialized with current variable values

iter      chisq       delta/lim  lambda   a             b            
   0 3.8609928152e+06   0.00e+00  4.39e+02    1.000000e+00   1.000000e+00
   7 9.3333333333e-09  -8.17e-06  4.39e-05    2.133333e-06   6.666667e-05

After 7 iterations the fit converged.
final sum of squares of residuals : 9.33333e-09
rel. change during last iteration : -8.16782e-11

degrees of freedom    (FIT_NDF)                        : 8
rms of residuals      (FIT_STDFIT) = sqrt(WSSR/ndf)    : 3.41565e-05
variance of residuals (reduced chisquare) = WSSR/ndf   : 1.16667e-09

Final set of parameters            Asymptotic Standard Error
=======================            ==========================
a               = 2.13333e-06      +/- 3.761e-08    (1.763%)
b               = 6.66667e-05      +/- 2.333e-05    (35%)

correlation matrix of the fit parameters:
                a      b      
a               1.000 
b              -0.886  1.000 


*******************************************************************************
Sat Apr 02 21:58:51 2022


FIT:    data read from "SecuencialPeorTeorico.dat" using 1:2
        format = x:z
        #datapoints = 10
        residuals are weighted equally (unit weight)

function used for fitting: N(x)
	N(x) = a*x + b
fitted parameters initialized with current variable values

iter      chisq       delta/lim  lambda   a             b            
   0 9.6635490000e+07   0.00e+00  4.39e+02    1.000000e+00   1.000000e+00
   7 0.0000000000e+00  -inf       4.39e-05    6.000000e+00   8.000000e+00

After 7 iterations the fit converged.
final sum of squares of residuals : 0
abs. change during last iteration : -3.73932e-17


Hmmmm.... Sum of squared residuals is zero. Can't compute errors.

Final set of parameters 
======================= 

a               = 6              
b               = 8              


*******************************************************************************
Sat Apr 02 22:00:45 2022


FIT:    data read from "SecuencialMedioTeorico.dat" using 1:2
        format = x:z
        #datapoints = 10
        residuals are weighted equally (unit weight)

function used for fitting: N(x)
	N(x) = a*x + b
fitted parameters initialized with current variable values

iter      chisq       delta/lim  lambda   a             b            
   0 1.5554490000e+07   0.00e+00  4.39e+02    1.000000e+00   1.000000e+00
   8 0.0000000000e+00  -inf       4.39e-06    3.000000e+00   8.000000e+00

After 8 iterations the fit converged.
final sum of squares of residuals : 0
abs. change during last iteration : -9.85508e-25


Hmmmm.... Sum of squared residuals is zero. Can't compute errors.

Final set of parameters 
======================= 

a               = 3              
b               = 8              


*******************************************************************************
Sat Apr 02 22:04:19 2022


FIT:    data read from "SecuencialMejorEmpirico.dat" using 1:2
        format = x:z
        #datapoints = 10
        residuals are weighted equally (unit weight)

function used for fitting: C(x)
	C(x) = a
fitted parameters initialized with current variable values

iter      chisq       delta/lim  lambda   a            
   0 9.9968004800e+00   0.00e+00  1.00e+00    1.000000e+00
   4 2.2400000000e-07  -3.68e-06  1.00e-04    1.600000e-04

After 4 iterations the fit converged.
final sum of squares of residuals : 2.24e-07
rel. change during last iteration : -3.68087e-11

degrees of freedom    (FIT_NDF)                        : 9
rms of residuals      (FIT_STDFIT) = sqrt(WSSR/ndf)    : 0.000157762
variance of residuals (reduced chisquare) = WSSR/ndf   : 2.48889e-08

Final set of parameters            Asymptotic Standard Error
=======================            ==========================
a               = 0.00016          +/- 4.989e-05    (31.18%)


*******************************************************************************
Sun Apr 03 02:19:49 2022


FIT:    data read from "SecuencialPeorEmpirico.dat" using 1:2
        format = x:z
        #datapoints = 10
        residuals are weighted equally (unit weight)

function used for fitting: N(x)
	N(x) = a*x + b
fitted parameters initialized with current variable values

iter      chisq       delta/lim  lambda   a             b            
   0 3.8609934760e+06   0.00e+00  4.39e+02    1.000000e+00   1.000000e+00
   7 6.0000000000e-08  -1.27e-06  4.39e-05    2.000000e-06   1.000000e-04

After 7 iterations the fit converged.
final sum of squares of residuals : 6e-08
rel. change during last iteration : -1.27059e-11

degrees of freedom    (FIT_NDF)                        : 8
rms of residuals      (FIT_STDFIT) = sqrt(WSSR/ndf)    : 8.66025e-05
variance of residuals (reduced chisquare) = WSSR/ndf   : 7.5e-09

Final set of parameters            Asymptotic Standard Error
=======================            ==========================
a               = 2e-06            +/- 9.535e-08    (4.767%)
b               = 0.0001           +/- 5.916e-05    (59.16%)

correlation matrix of the fit parameters:
                a      b      
a               1.000 
b              -0.886  1.000 
