

*******************************************************************************
Wed Apr 06 13:30:25 2022


FIT:    data read from "Burbuja.dat" using 1:2
        format = x:z
        #datapoints = 10
        residuals are weighted equally (unit weight)

function used for fitting: N(x)
	N(x) = a*x*x + b + c
fitted parameters initialized with current variable values

iter      chisq       delta/lim  lambda   a             b             c            
   0 2.5333018340e+12   0.00e+00  2.91e+05    1.000000e+00   1.000000e+00   1.000000e+00
   9 8.8540220043e-03  -5.03e-05  2.91e-04    2.713968e-06  -1.198422e-02  -1.198414e-02

After 9 iterations the fit converged.
final sum of squares of residuals : 0.00885402
rel. change during last iteration : -5.03089e-10

degrees of freedom    (FIT_NDF)                        : 7
rms of residuals      (FIT_STDFIT) = sqrt(WSSR/ndf)    : 0.0355649
variance of residuals (reduced chisquare) = WSSR/ndf   : 0.00126486

Final set of parameters            Asymptotic Standard Error
=======================            ==========================
a               = 2.71397e-06      +/- 5.458e-08    (2.011%)
b               = -0.0119842       +/- 2.221e+09    (1.853e+13%)
c               = -0.0119841       +/- 2.221e+09    (1.853e+13%)

correlation matrix of the fit parameters:
                a      b      c      
a               1.000 
b               0.772  1.000 
c              -0.772 -1.000  1.000 


*******************************************************************************
Wed Apr 06 13:31:14 2022


FIT:    data read from "Burbuja.dat" using 1:2
        format = x:z
        #datapoints = 10
        residuals are weighted equally (unit weight)

function used for fitting: N(x)
	N(x) = a*x*x + b + c
fitted parameters initialized with current variable values

iter      chisq       delta/lim  lambda   a             b             c            
   0 2.5333012165e+12   0.00e+00  2.91e+05    1.000000e+00   1.000000e+00   1.000000e+00
   9 1.5009191003e-01  -2.91e-06  2.91e-04    2.803482e-06  -1.340557e-03  -1.338458e-03

After 9 iterations the fit converged.
final sum of squares of residuals : 0.150092
rel. change during last iteration : -2.90558e-11

degrees of freedom    (FIT_NDF)                        : 7
rms of residuals      (FIT_STDFIT) = sqrt(WSSR/ndf)    : 0.14643
variance of residuals (reduced chisquare) = WSSR/ndf   : 0.0214417

Final set of parameters            Asymptotic Standard Error
=======================            ==========================
a               = 2.80348e-06      +/- 1.695e-07    (6.045%)
b               = -0.00134056      +/- 3.422e+09    (2.552e+14%)
c               = -0.00133846      +/- 3.422e+09    (2.556e+14%)

correlation matrix of the fit parameters:
                a      b      c      
a               1.000 
b               0.538  1.000 
c              -0.538 -1.000  1.000 


*******************************************************************************
Wed Apr 27 13:04:51 2022


FIT:    data read from "Burbuja.dat" using 1:2
        format = x:z
        #datapoints = 10
        residuals are weighted equally (unit weight)

function used for fitting: N(x)
	N(x) = a*x*x + b + c
fitted parameters initialized with current variable values

iter      chisq       delta/lim  lambda   a             b             c            
   0 2.5333012165e+12   0.00e+00  2.91e+05    1.000000e+00   1.000000e+00   1.000000e+00
   9 1.5009191003e-01  -2.91e-06  2.91e-04    2.803482e-06  -1.340557e-03  -1.338458e-03

After 9 iterations the fit converged.
final sum of squares of residuals : 0.150092
rel. change during last iteration : -2.90558e-11

degrees of freedom    (FIT_NDF)                        : 7
rms of residuals      (FIT_STDFIT) = sqrt(WSSR/ndf)    : 0.14643
variance of residuals (reduced chisquare) = WSSR/ndf   : 0.0214417

Final set of parameters            Asymptotic Standard Error
=======================            ==========================
a               = 2.80348e-06      +/- 1.695e-07    (6.045%)
b               = -0.00134056      +/- 3.422e+09    (2.552e+14%)
c               = -0.00133846      +/- 3.422e+09    (2.556e+14%)

correlation matrix of the fit parameters:
                a      b      c      
a               1.000 
b               0.538  1.000 
c              -0.538 -1.000  1.000 


*******************************************************************************
Wed Apr 27 13:06:25 2022


FIT:    data read from "Burbuja.dat" using 1:2
        format = x:z
        #datapoints = 10
        residuals are weighted equally (unit weight)

function used for fitting: N(x)
	N(x) = a*x*x + b + c
fitted parameters initialized with current variable values

iter      chisq       delta/lim  lambda   a             b             c            
   0 2.5333012165e+12   0.00e+00  2.91e+05    1.000000e+00   1.000000e+00   1.000000e+00
   9 1.5009191003e-01  -2.91e-06  2.91e-04    2.803482e-06  -1.340557e-03  -1.338458e-03

After 9 iterations the fit converged.
final sum of squares of residuals : 0.150092
rel. change during last iteration : -2.90558e-11

degrees of freedom    (FIT_NDF)                        : 7
rms of residuals      (FIT_STDFIT) = sqrt(WSSR/ndf)    : 0.14643
variance of residuals (reduced chisquare) = WSSR/ndf   : 0.0214417

Final set of parameters            Asymptotic Standard Error
=======================            ==========================
a               = 2.80348e-06      +/- 1.695e-07    (6.045%)
b               = -0.00134056      +/- 3.422e+09    (2.552e+14%)
c               = -0.00133846      +/- 3.422e+09    (2.556e+14%)

correlation matrix of the fit parameters:
                a      b      c      
a               1.000 
b               0.538  1.000 
c              -0.538 -1.000  1.000 


*******************************************************************************
Thu Apr 28 23:34:38 2022


FIT:    data read from "Burbuja.dat" using 1:2
        format = x:z
        #datapoints = 10
        residuals are weighted equally (unit weight)

function used for fitting: Cuadrado(x)
	Cuadrado(x)=a*x*x + b*x + c
fitted parameters initialized with current variable values

iter      chisq       delta/lim  lambda   a             b             c            
   0 2.5393517255e+12   0.00e+00  2.91e+05    1.000000e+00   1.000000e+00   1.000000e+00
   9 1.7474115529e-02  -5.76e-02  2.91e-04    1.562341e-06   3.841532e-04  -5.404873e-02

After 9 iterations the fit converged.
final sum of squares of residuals : 0.0174741
rel. change during last iteration : -5.75681e-07

degrees of freedom    (FIT_NDF)                        : 7
rms of residuals      (FIT_STDFIT) = sqrt(WSSR/ndf)    : 0.049963
variance of residuals (reduced chisquare) = WSSR/ndf   : 0.0024963

Final set of parameters            Asymptotic Standard Error
=======================            ==========================
a               = 1.56234e-06      +/- 2.174e-07    (13.92%)
b               = 0.000384153      +/- 0.0002454    (63.89%)
c               = -0.0540487       +/- 0.05876      (108.7%)

correlation matrix of the fit parameters:
                a      b      c      
a               1.000 
b              -0.975  1.000 
c               0.814 -0.909  1.000 


*******************************************************************************
Thu Apr 28 23:34:51 2022


FIT:    data read from "Insercion.dat" using 1:2
        format = x:z
        #datapoints = 10
        residuals are weighted equally (unit weight)

function used for fitting: Cuadrado(x)
	Cuadrado(x)=a*x*x + b*x + c
fitted parameters initialized with current variable values

iter      chisq       delta/lim  lambda   a             b             c            
   0 2.5393581293e+12   0.00e+00  2.91e+05    1.000000e+00   1.000000e+00   1.000000e+00
   9 2.6535295942e-03  -3.55e-01  2.91e-04    5.507920e-07   1.311563e-04  -2.033582e-02

After 9 iterations the fit converged.
final sum of squares of residuals : 0.00265353
rel. change during last iteration : -3.55152e-06

degrees of freedom    (FIT_NDF)                        : 7
rms of residuals      (FIT_STDFIT) = sqrt(WSSR/ndf)    : 0.0194699
variance of residuals (reduced chisquare) = WSSR/ndf   : 0.000379076

Final set of parameters            Asymptotic Standard Error
=======================            ==========================
a               = 5.50792e-07      +/- 8.473e-08    (15.38%)
b               = 0.000131156      +/- 9.564e-05    (72.92%)
c               = -0.0203358       +/- 0.0229       (112.6%)

correlation matrix of the fit parameters:
                a      b      c      
a               1.000 
b              -0.975  1.000 
c               0.814 -0.909  1.000 


*******************************************************************************
Thu Apr 28 23:35:05 2022


FIT:    data read from "Seleccion.dat" using 1:2
        format = x:z
        #datapoints = 10
        residuals are weighted equally (unit weight)

function used for fitting: Cuadrado(x)
	Cuadrado(x)=a*x*x + b*x + c
fitted parameters initialized with current variable values

iter      chisq       delta/lim  lambda   a             b             c            
   0 2.5393559405e+12   0.00e+00  2.91e+05    1.000000e+00   1.000000e+00   1.000000e+00
   9 9.3850296630e-04  -9.47e-01  2.91e-04    1.088857e-06   4.871253e-06   8.764835e-03

After 9 iterations the fit converged.
final sum of squares of residuals : 0.000938503
rel. change during last iteration : -9.47489e-06

degrees of freedom    (FIT_NDF)                        : 7
rms of residuals      (FIT_STDFIT) = sqrt(WSSR/ndf)    : 0.0115789
variance of residuals (reduced chisquare) = WSSR/ndf   : 0.000134072

Final set of parameters            Asymptotic Standard Error
=======================            ==========================
a               = 1.08886e-06      +/- 5.039e-08    (4.628%)
b               = 4.87125e-06      +/- 5.688e-05    (1168%)
c               = 0.00876483       +/- 0.01362      (155.4%)

correlation matrix of the fit parameters:
                a      b      c      
a               1.000 
b              -0.975  1.000 
c               0.814 -0.909  1.000 


*******************************************************************************
Thu Apr 28 23:37:12 2022


FIT:    data read from "Burbuja.dat" using 1:2
        format = x:z
        #datapoints = 10
        residuals are weighted equally (unit weight)

function used for fitting: Cuadrado(x)
	Cuadrado(x)=a*x*x + b*x + c
fitted parameters initialized with current variable values

iter      chisq       delta/lim  lambda   a             b             c            
   0 2.5393517903e+12   0.00e+00  2.91e+05    1.000000e+00   1.000000e+00   1.000000e+00
   9 1.9222167206e-02  -4.61e-02  2.91e-04    1.533861e-06   3.148126e-04   1.074973e-02

After 9 iterations the fit converged.
final sum of squares of residuals : 0.0192222
rel. change during last iteration : -4.60745e-07

degrees of freedom    (FIT_NDF)                        : 7
rms of residuals      (FIT_STDFIT) = sqrt(WSSR/ndf)    : 0.0524025
variance of residuals (reduced chisquare) = WSSR/ndf   : 0.00274602

Final set of parameters            Asymptotic Standard Error
=======================            ==========================
a               = 1.53386e-06      +/- 2.281e-07    (14.87%)
b               = 0.000314813      +/- 0.0002574    (81.77%)
c               = 0.0107497        +/- 0.06163      (573.3%)

correlation matrix of the fit parameters:
                a      b      c      
a               1.000 
b              -0.975  1.000 
c               0.814 -0.909  1.000 
