Command line:
   FC_P5_isim_beh.exe
     -simmode  gui
     -simrunnum  0
     -socket  53123

Wed Dec 08 17:40:18 2021


 Elaboration Time: 0.03125 sec

 Current Memory Usage: 5160.84 Meg

 Total Signals          : 10
 Total Nets             : 13
 Total Signal Drivers   : 6
 Total Blocks           : 4
 Total Primitive Blocks : 4
 Total Processes        : 6
 Total Traceable Variables  : 10
 Total Scalar Nets and Variables : 391
Total Line Count : 19

 Total Simulation Time: 0.25 sec

 Current Memory Usage: 5003.55 Meg

Wed Dec 08 17:41:30 2021

