  AlgoritmosBusqueda.cpp
  AlgoritmosOrdenacion.cpp
  ConjuntoInt.cpp
  Graficas.cpp
C:\Users\danie\Desktop\Ing. Informatica\FAA\PracticaFinal\Graficas.cpp(119,36): warning C4018: '<': no coinciden signed/unsigned
  Mtime.cpp
  Principal.cpp
C:\Users\danie\Desktop\Ing. Informatica\FAA\PracticaFinal\Principal.cpp(53,10): warning C4129: 'E': secuencia de escape de carácter no reconocida
  TestBusqueda.cpp
C:\Users\danie\Desktop\Ing. Informatica\FAA\PracticaFinal\TestBusqueda.cpp(58,30): warning C4018: '<': no coinciden signed/unsigned
C:\Users\danie\Desktop\Ing. Informatica\FAA\PracticaFinal\TestBusqueda.cpp(224,36): warning C4018: '<': no coinciden signed/unsigned
C:\Users\danie\Desktop\Ing. Informatica\FAA\PracticaFinal\TestBusqueda.cpp(236,37): warning C4018: '<': no coinciden signed/unsigned
C:\Users\danie\Desktop\Ing. Informatica\FAA\PracticaFinal\TestBusqueda.cpp(258,37): warning C4018: '<': no coinciden signed/unsigned
C:\Users\danie\Desktop\Ing. Informatica\FAA\PracticaFinal\TestBusqueda.cpp(262,37): warning C4018: '<': no coinciden signed/unsigned
  TestOrdenacion.cpp
C:\Users\danie\Desktop\Ing. Informatica\FAA\PracticaFinal\TestOrdenacion.cpp(65,30): warning C4018: '<': no coinciden signed/unsigned
C:\Users\danie\Desktop\Ing. Informatica\FAA\PracticaFinal\TestOrdenacion.cpp(208,36): warning C4018: '<': no coinciden signed/unsigned
C:\Users\danie\Desktop\Ing. Informatica\FAA\PracticaFinal\TestOrdenacion.cpp(220,37): warning C4018: '<': no coinciden signed/unsigned
C:\Users\danie\Desktop\Ing. Informatica\FAA\PracticaFinal\TestOrdenacion.cpp(236,37): warning C4018: '<': no coinciden signed/unsigned
C:\Users\danie\Desktop\Ing. Informatica\FAA\PracticaFinal\TestOrdenacion.cpp(240,37): warning C4018: '<': no coinciden signed/unsigned
  Generando código...
  PracticaFinal.vcxproj -> C:\Users\danie\Desktop\Ing. Informatica\FAA\PracticaFinal\Debug\PracticaFinal.exe
