Running: C:\Xilinx\14.7\ISE_DS\ISE\bin\nt64\unwrapped\fuse.exe -intstyle ise -incremental -o C:/Users/pablo/OneDrive/Escritorio/P7_FC/PRACTICA_7/TEST_SISTEMACOMPLETO_isim_beh.exe -prj C:/Users/pablo/OneDrive/Escritorio/P7_FC/PRACTICA_7/TEST_SISTEMACOMPLETO_beh.prj work.TEST_SISTEMACOMPLETO 
ISim P.20131013 (signature 0x7708f090)
Number of CPUs detected in this system: 12
Turning on mult-threading, number of parallel sub-compilation jobs: 24 
Determining compilation order of HDL files
Parsing VHDL file "C:/Users/pablo/OneDrive/Escritorio/P7_FC/PRACTICA_7/PRACTICA_7.vhd" into library work
Parsing VHDL file "C:/Users/pablo/OneDrive/Escritorio/P7_FC/PRACTICA_7/SISTEMACOMPLETO.vhd" into library work
Parsing VHDL file "C:/Users/pablo/OneDrive/Escritorio/P7_FC/PRACTICA_7/TEST_SISTEMACOMPLETO.vhd" into library work
Starting static elaboration
Completed static elaboration
Compiling package standard
Compiling package std_logic_1164
Compiling architecture behavioral of entity PRACTICA_7 [practica_7_default]
Compiling architecture behavioral of entity SISTEMACOMPLETO [sistemacompleto_default]
Compiling architecture behavior of entity test_sistemacompleto
Time Resolution for simulation is 1ps.
WARNING:Simulator - Unable to copy libPortabilityNOSH.dll to the simulation executable directory: boost::filesystem::copy_file: El sistema no puede encontrar la ruta especificada, "isim\TEST_SISTEMACOMPLETO_isim_beh.exe.sim\libPortability.dll".
Compiled 7 VHDL Units
Built simulation executable C:/Users/pablo/OneDrive/Escritorio/P7_FC/PRACTICA_7/TEST_SISTEMACOMPLETO_isim_beh.exe
Fuse Memory Usage: 30060 KB
Fuse CPU Usage: 327 ms
