

*******************************************************************************
Thu May 19 21:27:29 2022


FIT:    data read from "SecuencialMedioTeorico.dat" using 1:2
        format = x:z
        #datapoints = 10
        residuals are weighted equally (unit weight)

function used for fitting: N(x)
	N(x) = a*x + b
fitted parameters initialized with current variable values

iter      chisq       delta/lim  lambda   a             b            
   0 1.0000000000e+01   0.00e+00  4.39e+02    1.000000e+00   1.000000e+00
BREAK: Singular matrix in Invert_RtR

*******************************************************************************
Thu May 19 23:35:02 2022


FIT:    data read from "Secuencial.dat" using 1:2
        format = x:z
        #datapoints = 10
        residuals are weighted equally (unit weight)

function used for fitting: N(x)
	N(x)=a*x + b
fitted parameters initialized with current variable values

iter      chisq       delta/lim  lambda   a             b            
   0 3.8610029655e+06   0.00e+00  4.39e+02    1.000000e+00   1.000000e+00
   7 1.3959490909e-06  -5.46e-08  4.39e-05    7.636364e-07   1.040000e-04

After 7 iterations the fit converged.
final sum of squares of residuals : 1.39595e-06
rel. change during last iteration : -5.46101e-13

degrees of freedom    (FIT_NDF)                        : 8
rms of residuals      (FIT_STDFIT) = sqrt(WSSR/ndf)    : 0.000417724
variance of residuals (reduced chisquare) = WSSR/ndf   : 1.74494e-07

Final set of parameters            Asymptotic Standard Error
=======================            ==========================
a               = 7.63636e-07      +/- 4.599e-07    (60.22%)
b               = 0.000104         +/- 0.0002854    (274.4%)

correlation matrix of the fit parameters:
                a      b      
a               1.000 
b              -0.886  1.000 


*******************************************************************************
Thu May 19 23:35:10 2022


FIT:    data read from "Binaria.dat" using 1:2
        format = x:z
        #datapoints = 10
        residuals are weighted equally (unit weight)

function used for fitting: LogN(x)
	LogN(x)=a*log(x)+b
fitted parameters initialized with current variable values

iter      chisq       delta/lim  lambda   a             b            
   0 5.1113895229e+02   0.00e+00  4.41e+00    1.000000e+00   1.000000e+00
   6 1.1295291901e-09  -2.01e-10  4.41e-06    1.494745e-05   2.158720e-05

After 6 iterations the fit converged.
final sum of squares of residuals : 1.12953e-09
rel. change during last iteration : -2.01389e-15

degrees of freedom    (FIT_NDF)                        : 8
rms of residuals      (FIT_STDFIT) = sqrt(WSSR/ndf)    : 1.18824e-05
variance of residuals (reduced chisquare) = WSSR/ndf   : 1.41191e-10

Final set of parameters            Asymptotic Standard Error
=======================            ==========================
a               = 1.49475e-05      +/- 5.403e-06    (36.15%)
b               = 2.15872e-05      +/- 3.326e-05    (154.1%)

correlation matrix of the fit parameters:
                a      b      
a               1.000 
b              -0.994  1.000 


*******************************************************************************
Thu May 19 23:35:18 2022


FIT:    data read from "Interpolacion.dat" using 1:2
        format = x:z
        #datapoints = 10
        residuals are weighted equally (unit weight)

function used for fitting: LogLogN(x)
	LogLogN(x)=a*log(log(x))+b
fitted parameters initialized with current variable values

iter      chisq       delta/lim  lambda   a             b            
   0 7.8755183945e+01   0.00e+00  1.46e+00    1.000000e+00   1.000000e+00
   5 3.6684677260e-09  -2.97e-03  1.46e-05    1.422162e-04  -1.625312e-04

After 5 iterations the fit converged.
final sum of squares of residuals : 3.66847e-09
rel. change during last iteration : -2.9746e-08

degrees of freedom    (FIT_NDF)                        : 8
rms of residuals      (FIT_STDFIT) = sqrt(WSSR/ndf)    : 2.1414e-05
variance of residuals (reduced chisquare) = WSSR/ndf   : 4.58558e-10

Final set of parameters            Asymptotic Standard Error
=======================            ==========================
a               = 0.000142216      +/- 5.587e-05    (39.28%)
b               = -0.000162531     +/- 0.000101     (62.14%)

correlation matrix of the fit parameters:
                a      b      
a               1.000 
b              -0.998  1.000 
